<?xml version="1.0" encoding="UTF-8"?>
<!-- Generated by org.testng.reporters.JUnitReportReporter -->
<testsuite hostname="PRAMODTP" failures="0" tests="1" name="ComCastcrmGit.ComCastCRMGitpractice" time="0.026" errors="0" timestamp="2022-03-10T10:26:37 IST" skipped="0">
  <testcase classname="ComCastcrmGit.ComCastCRMGitpractice" name="Githubpractice" time="0.026"/>
  <system-out/>
</testsuite> <!-- ComCastcrmGit.ComCastCRMGitpractice -->
